
> frontend@0.0.0 dev
> vite


  VITE v7.1.12  ready in 175 ms

  ➜  Local:   http://localhost:5173/
  ➜  Network: use --host to expose
1:19:50 PM [vite] .env changed, restarting server...
1:19:50 PM [vite] server restarted.
1:24:45 PM [vite] (client) hmr update /src/pages/LoginPage.tsx
1:24:55 PM [vite] (client) hmr update /src/pages/LoginPage.tsx
1:25:52 PM [vite] (client) hmr update /src/pages/LoginPage.tsx
1:27:01 PM [vite] (client) hmr update /src/pages/LoginPage.tsx
1:27:03 PM [vite] (client) hmr update /src/pages/LoginPage.tsx
1:27:17 PM [vite] (client) hmr update /src/components/AppRouter.tsx
1:27:23 PM [vite] (client) hmr update /src/components/AppRouter.tsx
1:27:24 PM [vite] (client) hmr update /src/components/AppRouter.tsx
1:27:38 PM [vite] (client) hmr update /src/pages/LoginPage.tsx
1:27:40 PM [vite] (client) hmr update /src/pages/LoginPage.tsx
1:27:55 PM [vite] (client) hmr update /src/components/AppRouter.tsx
1:27:55 PM [vite] Internal server error: /Users/dmitriyemelyanov/Projects/Mastro/frontend/src/components/AppRouter.tsx: Expected corresponding JSX closing tag for <>. (209:6)

  207 |           </Panel>
  208 |         </View>
> 209 |       </Router>
      |       ^
  210 |     </ErrorBoundary>
  211 |   );
  212 | };
  Plugin: vite:react-babel
  File: /Users/dmitriyemelyanov/Projects/Mastro/frontend/src/components/AppRouter.tsx:209:6
  207 |            </Panel>
  208 |          </View>
  209 |        </Router>
      |        ^
  210 |      </ErrorBoundary>
  211 |    );
      at constructor (/Users/dmitriyemelyanov/Projects/Mastro/node_modules/@babel/parser/lib/index.js:367:19)
      at TypeScriptParserMixin.raise (/Users/dmitriyemelyanov/Projects/Mastro/node_modules/@babel/parser/lib/index.js:6624:19)
      at TypeScriptParserMixin.jsxParseElementAt (/Users/dmitriyemelyanov/Projects/Mastro/node_modules/@babel/parser/lib/index.js:4749:14)
      at TypeScriptParserMixin.jsxParseElement (/Users/dmitriyemelyanov/Projects/Mastro/node_modules/@babel/parser/lib/index.js:4778:17)
      at TypeScriptParserMixin.parseExprAtom (/Users/dmitriyemelyanov/Projects/Mastro/node_modules/@babel/parser/lib/index.js:4788:19)
      at TypeScriptParserMixin.parseExprSubscripts (/Users/dmitriyemelyanov/Projects/Mastro/node_modules/@babel/parser/lib/index.js:11145:23)
      at TypeScriptParserMixin.parseUpdate (/Users/dmitriyemelyanov/Projects/Mastro/node_modules/@babel/parser/lib/index.js:11130:21)
      at TypeScriptParserMixin.parseMaybeUnary (/Users/dmitriyemelyanov/Projects/Mastro/node_modules/@babel/parser/lib/index.js:11110:23)
      at TypeScriptParserMixin.parseMaybeUnary (/Users/dmitriyemelyanov/Projects/Mastro/node_modules/@babel/parser/lib/index.js:9890:18)
      at TypeScriptParserMixin.parseMaybeUnaryOrPrivate (/Users/dmitriyemelyanov/Projects/Mastro/node_modules/@babel/parser/lib/index.js:10963:61)
      at TypeScriptParserMixin.parseExprOps (/Users/dmitriyemelyanov/Projects/Mastro/node_modules/@babel/parser/lib/index.js:10968:23)
      at TypeScriptParserMixin.parseMaybeConditional (/Users/dmitriyemelyanov/Projects/Mastro/node_modules/@babel/parser/lib/index.js:10945:23)
      at TypeScriptParserMixin.parseMaybeAssign (/Users/dmitriyemelyanov/Projects/Mastro/node_modules/@babel/parser/lib/index.js:10895:21)
      at /Users/dmitriyemelyanov/Projects/Mastro/node_modules/@babel/parser/lib/index.js:9828:39
      at TypeScriptParserMixin.tryParse (/Users/dmitriyemelyanov/Projects/Mastro/node_modules/@babel/parser/lib/index.js:6932:20)
      at TypeScriptParserMixin.parseMaybeAssign (/Users/dmitriyemelyanov/Projects/Mastro/node_modules/@babel/parser/lib/index.js:9828:18)
      at /Users/dmitriyemelyanov/Projects/Mastro/node_modules/@babel/parser/lib/index.js:10864:39
      at TypeScriptParserMixin.allowInAnd (/Users/dmitriyemelyanov/Projects/Mastro/node_modules/@babel/parser/lib/index.js:12500:12)
      at TypeScriptParserMixin.parseMaybeAssignAllowIn (/Users/dmitriyemelyanov/Projects/Mastro/node_modules/@babel/parser/lib/index.js:10864:17)
      at TypeScriptParserMixin.parseMaybeAssignAllowInOrVoidPattern (/Users/dmitriyemelyanov/Projects/Mastro/node_modules/@babel/parser/lib/index.js:12567:17)
      at TypeScriptParserMixin.parseParenAndDistinguishExpression (/Users/dmitriyemelyanov/Projects/Mastro/node_modules/@babel/parser/lib/index.js:11747:28)
      at TypeScriptParserMixin.parseExprAtom (/Users/dmitriyemelyanov/Projects/Mastro/node_modules/@babel/parser/lib/index.js:11395:23)
      at TypeScriptParserMixin.parseExprAtom (/Users/dmitriyemelyanov/Projects/Mastro/node_modules/@babel/parser/lib/index.js:4793:20)
      at TypeScriptParserMixin.parseExprSubscripts (/Users/dmitriyemelyanov/Projects/Mastro/node_modules/@babel/parser/lib/index.js:11145:23)
      at TypeScriptParserMixin.parseUpdate (/Users/dmitriyemelyanov/Projects/Mastro/node_modules/@babel/parser/lib/index.js:11130:21)
      at TypeScriptParserMixin.parseMaybeUnary (/Users/dmitriyemelyanov/Projects/Mastro/node_modules/@babel/parser/lib/index.js:11110:23)
      at TypeScriptParserMixin.parseMaybeUnary (/Users/dmitriyemelyanov/Projects/Mastro/node_modules/@babel/parser/lib/index.js:9890:18)
      at TypeScriptParserMixin.parseMaybeUnaryOrPrivate (/Users/dmitriyemelyanov/Projects/Mastro/node_modules/@babel/parser/lib/index.js:10963:61)
      at TypeScriptParserMixin.parseExprOps (/Users/dmitriyemelyanov/Projects/Mastro/node_modules/@babel/parser/lib/index.js:10968:23)
      at TypeScriptParserMixin.parseMaybeConditional (/Users/dmitriyemelyanov/Projects/Mastro/node_modules/@babel/parser/lib/index.js:10945:23)
      at TypeScriptParserMixin.parseMaybeAssign (/Users/dmitriyemelyanov/Projects/Mastro/node_modules/@babel/parser/lib/index.js:10895:21)
      at TypeScriptParserMixin.parseMaybeAssign (/Users/dmitriyemelyanov/Projects/Mastro/node_modules/@babel/parser/lib/index.js:9839:20)
      at TypeScriptParserMixin.parseConditional (/Users/dmitriyemelyanov/Projects/Mastro/node_modules/@babel/parser/lib/index.js:10957:29)
      at TypeScriptParserMixin.parseConditional (/Users/dmitriyemelyanov/Projects/Mastro/node_modules/@babel/parser/lib/index.js:9664:18)
      at TypeScriptParserMixin.parseMaybeConditional (/Users/dmitriyemelyanov/Projects/Mastro/node_modules/@babel/parser/lib/index.js:10949:17)
      at TypeScriptParserMixin.parseMaybeAssign (/Users/dmitriyemelyanov/Projects/Mastro/node_modules/@babel/parser/lib/index.js:10895:21)
      at TypeScriptParserMixin.parseMaybeAssign (/Users/dmitriyemelyanov/Projects/Mastro/node_modules/@babel/parser/lib/index.js:9839:20)
      at TypeScriptParserMixin.parseExpressionBase (/Users/dmitriyemelyanov/Projects/Mastro/node_modules/@babel/parser/lib/index.js:10848:23)
      at /Users/dmitriyemelyanov/Projects/Mastro/node_modules/@babel/parser/lib/index.js:10844:39
      at TypeScriptParserMixin.allowInAnd (/Users/dmitriyemelyanov/Projects/Mastro/node_modules/@babel/parser/lib/index.js:12500:12)
      at TypeScriptParserMixin.parseExpression (/Users/dmitriyemelyanov/Projects/Mastro/node_modules/@babel/parser/lib/index.js:10844:17)
      at TypeScriptParserMixin.jsxParseExpressionContainer (/Users/dmitriyemelyanov/Projects/Mastro/node_modules/@babel/parser/lib/index.js:4661:31)
      at TypeScriptParserMixin.jsxParseElementAt (/Users/dmitriyemelyanov/Projects/Mastro/node_modules/@babel/parser/lib/index.js:4740:36)
      at TypeScriptParserMixin.jsxParseElementAt (/Users/dmitriyemelyanov/Projects/Mastro/node_modules/@babel/parser/lib/index.js:4727:32)
      at TypeScriptParserMixin.jsxParseElementAt (/Users/dmitriyemelyanov/Projects/Mastro/node_modules/@babel/parser/lib/index.js:4727:32)
      at TypeScriptParserMixin.jsxParseElement (/Users/dmitriyemelyanov/Projects/Mastro/node_modules/@babel/parser/lib/index.js:4778:17)
      at TypeScriptParserMixin.parseExprAtom (/Users/dmitriyemelyanov/Projects/Mastro/node_modules/@babel/parser/lib/index.js:4788:19)
      at TypeScriptParserMixin.parseExprSubscripts (/Users/dmitriyemelyanov/Projects/Mastro/node_modules/@babel/parser/lib/index.js:11145:23)
      at TypeScriptParserMixin.parseUpdate (/Users/dmitriyemelyanov/Projects/Mastro/node_modules/@babel/parser/lib/index.js:11130:21)
      at TypeScriptParserMixin.parseMaybeUnary (/Users/dmitriyemelyanov/Projects/Mastro/node_modules/@babel/parser/lib/index.js:11110:23)
1:28:12 PM [vite] (client) hmr update /src/components/AppRouter.tsx
1:28:26 PM [vite] (client) hmr update /src/components/AppRouter.tsx
1:28:26 PM [vite] Internal server error: /Users/dmitriyemelyanov/Projects/Mastro/frontend/src/components/AppRouter.tsx: 'import' and 'export' may only appear at the top level. (108:0)

  106 |   }
  107 |
> 108 | export const AppRouter: React.FC = () => {
      | ^
  109 |   const { isAuthenticated, isLoading } = useAuth();
  110 |   
  111 |   // Мониторинг производительности основного роутера
  Plugin: vite:react-babel
  File: /Users/dmitriyemelyanov/Projects/Mastro/frontend/src/components/AppRouter.tsx:108:0
  106 |    }
  107 |  
  108 |  export const AppRouter: React.FC = () => {
      |  ^
  109 |    const { isAuthenticated, isLoading } = useAuth();
  110 |    
      at constructor (/Users/dmitriyemelyanov/Projects/Mastro/node_modules/@babel/parser/lib/index.js:367:19)
      at TypeScriptParserMixin.raise (/Users/dmitriyemelyanov/Projects/Mastro/node_modules/@babel/parser/lib/index.js:6624:19)
      at TypeScriptParserMixin.parseStatementContent (/Users/dmitriyemelyanov/Projects/Mastro/node_modules/@babel/parser/lib/index.js:12947:18)
      at TypeScriptParserMixin.parseStatementContent (/Users/dmitriyemelyanov/Projects/Mastro/node_modules/@babel/parser/lib/index.js:9569:18)
      at TypeScriptParserMixin.parseStatementLike (/Users/dmitriyemelyanov/Projects/Mastro/node_modules/@babel/parser/lib/index.js:12843:17)
      at TypeScriptParserMixin.parseStatementListItem (/Users/dmitriyemelyanov/Projects/Mastro/node_modules/@babel/parser/lib/index.js:12823:17)
      at TypeScriptParserMixin.parseBlockOrModuleBlockBody (/Users/dmitriyemelyanov/Projects/Mastro/node_modules/@babel/parser/lib/index.js:13392:61)
      at TypeScriptParserMixin.parseBlockBody (/Users/dmitriyemelyanov/Projects/Mastro/node_modules/@babel/parser/lib/index.js:13385:10)
      at TypeScriptParserMixin.parseBlock (/Users/dmitriyemelyanov/Projects/Mastro/node_modules/@babel/parser/lib/index.js:13373:10)
      at TypeScriptParserMixin.parseFunctionBody (/Users/dmitriyemelyanov/Projects/Mastro/node_modules/@babel/parser/lib/index.js:12174:24)
      at TypeScriptParserMixin.parseArrowExpression (/Users/dmitriyemelyanov/Projects/Mastro/node_modules/@babel/parser/lib/index.js:12149:10)
      at TypeScriptParserMixin.parseParenAndDistinguishExpression (/Users/dmitriyemelyanov/Projects/Mastro/node_modules/@babel/parser/lib/index.js:11759:12)
      at TypeScriptParserMixin.parseExprAtom (/Users/dmitriyemelyanov/Projects/Mastro/node_modules/@babel/parser/lib/index.js:11395:23)
      at TypeScriptParserMixin.parseExprAtom (/Users/dmitriyemelyanov/Projects/Mastro/node_modules/@babel/parser/lib/index.js:4793:20)
      at TypeScriptParserMixin.parseExprSubscripts (/Users/dmitriyemelyanov/Projects/Mastro/node_modules/@babel/parser/lib/index.js:11145:23)
      at TypeScriptParserMixin.parseUpdate (/Users/dmitriyemelyanov/Projects/Mastro/node_modules/@babel/parser/lib/index.js:11130:21)
      at TypeScriptParserMixin.parseMaybeUnary (/Users/dmitriyemelyanov/Projects/Mastro/node_modules/@babel/parser/lib/index.js:11110:23)
      at TypeScriptParserMixin.parseMaybeUnary (/Users/dmitriyemelyanov/Projects/Mastro/node_modules/@babel/parser/lib/index.js:9890:18)
      at TypeScriptParserMixin.parseMaybeUnaryOrPrivate (/Users/dmitriyemelyanov/Projects/Mastro/node_modules/@babel/parser/lib/index.js:10963:61)
      at TypeScriptParserMixin.parseExprOps (/Users/dmitriyemelyanov/Projects/Mastro/node_modules/@babel/parser/lib/index.js:10968:23)
      at TypeScriptParserMixin.parseMaybeConditional (/Users/dmitriyemelyanov/Projects/Mastro/node_modules/@babel/parser/lib/index.js:10945:23)
      at TypeScriptParserMixin.parseMaybeAssign (/Users/dmitriyemelyanov/Projects/Mastro/node_modules/@babel/parser/lib/index.js:10895:21)
      at TypeScriptParserMixin.parseMaybeAssign (/Users/dmitriyemelyanov/Projects/Mastro/node_modules/@babel/parser/lib/index.js:9839:20)
      at /Users/dmitriyemelyanov/Projects/Mastro/node_modules/@babel/parser/lib/index.js:10864:39
      at TypeScriptParserMixin.allowInAnd (/Users/dmitriyemelyanov/Projects/Mastro/node_modules/@babel/parser/lib/index.js:12495:16)
      at TypeScriptParserMixin.parseMaybeAssignAllowIn (/Users/dmitriyemelyanov/Projects/Mastro/node_modules/@babel/parser/lib/index.js:10864:17)
      at TypeScriptParserMixin.parseVar (/Users/dmitriyemelyanov/Projects/Mastro/node_modules/@babel/parser/lib/index.js:13460:91)
      at TypeScriptParserMixin.parseVarStatement (/Users/dmitriyemelyanov/Projects/Mastro/node_modules/@babel/parser/lib/index.js:13306:10)
      at TypeScriptParserMixin.parseVarStatement (/Users/dmitriyemelyanov/Projects/Mastro/node_modules/@babel/parser/lib/index.js:9469:31)
      at TypeScriptParserMixin.parseStatementContent (/Users/dmitriyemelyanov/Projects/Mastro/node_modules/@babel/parser/lib/index.js:12927:23)
      at TypeScriptParserMixin.parseStatementContent (/Users/dmitriyemelyanov/Projects/Mastro/node_modules/@babel/parser/lib/index.js:9569:18)
      at TypeScriptParserMixin.parseStatementLike (/Users/dmitriyemelyanov/Projects/Mastro/node_modules/@babel/parser/lib/index.js:12843:17)
      at TypeScriptParserMixin.parseStatementListItem (/Users/dmitriyemelyanov/Projects/Mastro/node_modules/@babel/parser/lib/index.js:12823:17)
      at TypeScriptParserMixin.parseExportDeclaration (/Users/dmitriyemelyanov/Projects/Mastro/node_modules/@babel/parser/lib/index.js:14010:17)
      at TypeScriptParserMixin.parseExportDeclaration (/Users/dmitriyemelyanov/Projects/Mastro/node_modules/@babel/parser/lib/index.js:9690:85)
      at TypeScriptParserMixin.maybeParseExportDeclaration (/Users/dmitriyemelyanov/Projects/Mastro/node_modules/@babel/parser/lib/index.js:13969:31)
      at TypeScriptParserMixin.parseExport (/Users/dmitriyemelyanov/Projects/Mastro/node_modules/@babel/parser/lib/index.js:13888:29)
      at TypeScriptParserMixin.parseExport (/Users/dmitriyemelyanov/Projects/Mastro/node_modules/@babel/parser/lib/index.js:9446:20)
      at TypeScriptParserMixin.parseStatementContent (/Users/dmitriyemelyanov/Projects/Mastro/node_modules/@babel/parser/lib/index.js:12954:27)
      at TypeScriptParserMixin.parseStatementContent (/Users/dmitriyemelyanov/Projects/Mastro/node_modules/@babel/parser/lib/index.js:9569:18)
      at TypeScriptParserMixin.parseStatementLike (/Users/dmitriyemelyanov/Projects/Mastro/node_modules/@babel/parser/lib/index.js:12843:17)
      at TypeScriptParserMixin.parseModuleItem (/Users/dmitriyemelyanov/Projects/Mastro/node_modules/@babel/parser/lib/index.js:12820:17)
      at TypeScriptParserMixin.parseBlockOrModuleBlockBody (/Users/dmitriyemelyanov/Projects/Mastro/node_modules/@babel/parser/lib/index.js:13392:36)
      at TypeScriptParserMixin.parseBlockBody (/Users/dmitriyemelyanov/Projects/Mastro/node_modules/@babel/parser/lib/index.js:13385:10)
      at TypeScriptParserMixin.parseProgram (/Users/dmitriyemelyanov/Projects/Mastro/node_modules/@babel/parser/lib/index.js:12698:10)
      at TypeScriptParserMixin.parseTopLevel (/Users/dmitriyemelyanov/Projects/Mastro/node_modules/@babel/parser/lib/index.js:12688:25)
      at TypeScriptParserMixin.parse (/Users/dmitriyemelyanov/Projects/Mastro/node_modules/@babel/parser/lib/index.js:14568:25)
      at TypeScriptParserMixin.parse (/Users/dmitriyemelyanov/Projects/Mastro/node_modules/@babel/parser/lib/index.js:10183:18)
      at parse (/Users/dmitriyemelyanov/Projects/Mastro/node_modules/@babel/parser/lib/index.js:14602:38)
      at parser (/Users/dmitriyemelyanov/Projects/Mastro/node_modules/@babel/core/lib/parser/index.js:41:34)
1:28:39 PM [vite] (client) hmr update /src/components/AppRouter.tsx
1:28:50 PM [vite] (client) hmr update /src/pages/LoginPage.tsx
1:28:50 PM [vite] (client) hmr update /src/pages/LoginPage.tsx
1:28:50 PM [vite] (client) hmr update /src/components/AppRouter.tsx
1:34:17 PM [vite] (client) hmr update /src/pages/LoginPage.tsx
1:34:41 PM [vite] (client) hmr update /src/pages/LoginPage.tsx
1:35:44 PM [vite] (client) hmr update /src/pages/LoginPage.tsx
1:35:49 PM [vite] (client) hmr update /src/pages/LoginPage.tsx
1:36:38 PM [vite] (client) hmr update /src/pages/LoginPage.tsx
1:36:44 PM [vite] (client) hmr update /src/pages/LoginPage.tsx
1:36:51 PM [vite] (client) hmr update /src/pages/LoginPage.tsx
1:57:53 PM [vite] (client) hmr update /src/pages/LoginPage.tsx
1:57:53 PM [vite] (client) hmr update /src/pages/LoginPage.tsx
1:57:53 PM [vite] (client) hmr update /src/components/AppRouter.tsx
1:59:19 PM [vite] (client) hmr update /src/pages/LoginPage.tsx
1:59:19 PM [vite] (client) hmr update /src/pages/LoginPage.tsx
1:59:19 PM [vite] (client) hmr update /src/components/AppRouter.tsx
1:59:55 PM [vite] (client) hmr update /src/pages/LoginPage.tsx
2:00:53 PM [vite] (client) hmr update /src/pages/LoginPage.tsx
2:07:39 PM [vite] (client) hmr update /src/pages/LoginPage.tsx
2:07:46 PM [vite] (client) hmr update /src/pages/LoginPage.tsx
2:09:04 PM [vite] (client) hmr update /src/pages/LoginPage.tsx
2:09:06 PM [vite] (client) hmr update /src/pages/LoginPage.tsx
2:09:06 PM [vite] (client) hmr update /src/components/AppRouter.tsx
2:11:01 PM [vite] .env changed, restarting server...
2:11:01 PM [vite] (client) Re-optimizing dependencies because lockfile has changed
2:11:01 PM [vite] server restarted.
